<?xml version="1.0" encoding="UTF-8"?>
<!-- Generated by org.testng.reporters.JUnitReportReporter -->
<testsuite skipped="0" hostname="asda0101" name="com.qait.automation.layout_testing.NewTest" tests="2" failures="0" timestamp="05 Jul 2018 07:10:05 GMT" time="2.384" errors="0">
  <testcase name="verifypage" time="0.090" classname="com.qait.automation.layout_testing.NewTest"/>
  <testcase name="homePageLayoutTest" time="2.294" classname="com.qait.automation.layout_testing.NewTest"/>
</testsuite> <!-- com.qait.automation.layout_testing.NewTest -->
